#
# There is insufficient memory for the Java Runtime Environment to continue.
# Native memory allocation (mmap) failed to map 318767104 bytes for committing reserved memory.
# Possible reasons:
#   The system is out of physical RAM or swap space
#   The process is running with CompressedOops enabled, and the Java Heap may be blocking the growth of the native heap
# Possible solutions:
#   Reduce memory load on the system
#   Increase physical memory or swap space
#   Check if swap backing store is full
#   Decrease Java heap size (-Xmx/-Xms)
#   Decrease number of Java threads
#   Decrease Java thread stack sizes (-Xss)
#   Set larger code cache with -XX:ReservedCodeCacheSize=
#   JVM is running with Unscaled Compressed Oops mode in which the Java heap is
#     placed in the first 4GB address space. The Java Heap base address is the
#     maximum limit for the native heap growth. Please use -XX:HeapBaseMinAddress
#     to set the Java Heap base and to place the Java Heap above 4GB virtual address.
# This output file may be truncated or incomplete.
#
#  Out of Memory Error (os_linux.cpp:2756), pid=12234, tid=0x00007f82c9a8a700
#
# JRE version: OpenJDK Runtime Environment (8.0_212-b03) (build 1.8.0_212-8u212-b03-0ubuntu1.16.04.1-b03)
# Java VM: OpenJDK 64-Bit Server VM (25.212-b03 mixed mode linux-amd64 compressed oops)
# Failed to write core dump. Core dumps have been disabled. To enable core dumping, try "ulimit -c unlimited" before starting Java again
#

---------------  T H R E A D  ---------------

Current thread (0x00007f82dc07e000):  VMThread [stack: 0x00007f82c998a000,0x00007f82c9a8b000] [id=12243]

Stack: [0x00007f82c998a000,0x00007f82c9a8b000],  sp=0x00007f82c9a894a0,  free space=1021k
Native frames: (J=compiled Java code, j=interpreted, Vv=VM code, C=native code)
V  [libjvm.so+0xa75a3b]
V  [libjvm.so+0x4c9e6c]
V  [libjvm.so+0x8c2798]
V  [libjvm.so+0x8b9dde]
V  [libjvm.so+0x937e46]
V  [libjvm.so+0x9274ca]
V  [libjvm.so+0x9276d3]
V  [libjvm.so+0x928038]
V  [libjvm.so+0x92e2fe]
V  [libjvm.so+0x935cad]
V  [libjvm.so+0x8e73e3]
V  [libjvm.so+0xa776f2]
V  [libjvm.so+0xa7c707]
V  [libjvm.so+0xa79fa7]
V  [libjvm.so+0xa7b28f]
V  [libjvm.so+0xa7b781]
V  [libjvm.so+0x8bfaf2]

VM_Operation (0x00007f82e5bc5b70): ParallelGCFailedAllocation, mode: safepoint, requested by thread 0x00007f82dc010000


---------------  P R O C E S S  ---------------

Java Threads: ( => current thread )
  0x00007f8290053000 JavaThread "process reaper" daemon [_thread_blocked, id=12256, stack(0x00007f82c84ce000,0x00007f82c8507000)]
  0x00007f82dc1e4800 JavaThread "surefire-forkedjvm-ping-30s" daemon [_thread_blocked, id=12253, stack(0x00007f82c891a000,0x00007f82c8a1b000)]
  0x00007f82dc1cf000 JavaThread "surefire-forkedjvm-command-thread" daemon [_thread_in_native, id=12252, stack(0x00007f82c8c25000,0x00007f82c8d26000)]
  0x00007f82dc0c5800 JavaThread "Service Thread" daemon [_thread_blocked, id=12250, stack(0x00007f82c8e27000,0x00007f82c8f28000)]
  0x00007f82dc0c2800 JavaThread "C1 CompilerThread2" daemon [_thread_blocked, id=12249, stack(0x00007f82c8f28000,0x00007f82c9029000)]
  0x00007f82dc0c1000 JavaThread "C2 CompilerThread1" daemon [_thread_blocked, id=12248, stack(0x00007f82c9029000,0x00007f82c912a000)]
  0x00007f82dc0be000 JavaThread "C2 CompilerThread0" daemon [_thread_blocked, id=12247, stack(0x00007f82c912a000,0x00007f82c922b000)]
  0x00007f82dc0bc800 JavaThread "Signal Dispatcher" daemon [_thread_blocked, id=12246, stack(0x00007f82c922b000,0x00007f82c932c000)]
  0x00007f82dc08a000 JavaThread "Finalizer" daemon [_thread_blocked, id=12245, stack(0x00007f82c9788000,0x00007f82c9889000)]
  0x00007f82dc087800 JavaThread "Reference Handler" daemon [_thread_blocked, id=12244, stack(0x00007f82c9889000,0x00007f82c998a000)]
  0x00007f82dc010000 JavaThread "main" [_thread_blocked, id=12236, stack(0x00007f82e5ac8000,0x00007f82e5bc9000)]

Other Threads:
=>0x00007f82dc07e000 VMThread [stack: 0x00007f82c998a000,0x00007f82c9a8b000] [id=12243]
  0x00007f82dc0c8800 WatcherThread [stack: 0x00007f82c8d26000,0x00007f82c8e27000] [id=12251]

VM state:at safepoint (normal execution)

VM Mutex/Monitor currently owned by a thread:  ([mutex/lock_event])
[0x00007f82dc00c240] ExpandHeap_lock - owner thread: 0x00007f82dc07e000
[0x00007f82dc00c8c0] Threads_lock - owner thread: 0x00007f82dc07e000
[0x00007f82dc00cdc0] Heap_lock - owner thread: 0x00007f82dc010000

heap address: 0x000000009f200000, size: 1550 MB, Compressed Oops mode: 32-bit
Narrow klass base: 0x0000000000000000, Narrow klass shift: 3
Compressed class space size: 1073741824 Address: 0x0000000100000000

Heap:
 PSYoungGen      total 314880K, used 73545K [0x00000000dfb80000, 0x0000000100000000, 0x0000000100000000)
  eden space 176640K, 0% used [0x00000000dfb80000,0x00000000dfb80000,0x00000000ea800000)
  from space 138240K, 53% used [0x00000000f7900000,0x00000000fc0d26e0,0x0000000100000000)
  to   space 176128K, 0% used [0x00000000ea800000,0x00000000ea800000,0x00000000f5400000)
 ParOldGen       total 747008K, used 746587K [0x000000009f200000, 0x00000000ccb80000, 0x00000000dfb80000)
  object space 747008K, 99% used [0x000000009f200000,0x00000000ccb16f78,0x00000000ccb80000)
 Metaspace       used 22667K, capacity 23204K, committed 23424K, reserved 1071104K
  class space    used 2485K, capacity 2620K, committed 2688K, reserved 1048576K

Card table byte_map: [0x00007f82e1e71000,0x00007f82e2179000] byte_map_base: 0x00007f82e1978000

Marking Bits: (ParMarkBitMap*) 0x00007f82e4d9d580
 Begin Bits: [0x00007f82c9f90000, 0x00007f82cb7c8000)
 End Bits:   [0x00007f82cb7c8000, 0x00007f82cd000000)

Polling page: 0x00007f82e5bf0000

CodeCache: size=245760Kb used=19908Kb max_used=19908Kb free=225851Kb
 bounds [0x00007f82cd000000, 0x00007f82ce3a0000, 0x00007f82dc000000]
 total_blobs=5338 nmethods=4877 adapters=375
 compilation: enabled

Compilation events (10 events):
Event: 22,180 Thread 0x00007f82dc0c2800 7145       1       org.languagetool.rules.pt.PortugueseWordRepeatBeginningRule::getId (3 bytes)
Event: 22,180 Thread 0x00007f82dc0c2800 nmethod 7145 0x00007f82cd5b7150 code [0x00007f82cd5b72a0, 0x00007f82cd5b73b0]
Event: 22,180 Thread 0x00007f82dc0c2800 7146       1       org.languagetool.rules.pt.PortugueseWordCoherencyRule::getId (3 bytes)
Event: 22,180 Thread 0x00007f82dc0c2800 nmethod 7146 0x00007f82cd5b6e90 code [0x00007f82cd5b6fe0, 0x00007f82cd5b70f0]
Event: 22,181 Thread 0x00007f82dc0c2800 7147       1       org.languagetool.rules.spelling.hunspell.HunspellRule::getId (3 bytes)
Event: 22,181 Thread 0x00007f82dc0c2800 nmethod 7147 0x00007f82cda373d0 code [0x00007f82cda37520, 0x00007f82cda37630]
Event: 22,181 Thread 0x00007f82dc0c2800 7148       1       org.languagetool.rules.pt.PortugueseAccentuationCheckRule::getId (3 bytes)
Event: 22,181 Thread 0x00007f82dc0c2800 nmethod 7148 0x00007f82cda37110 code [0x00007f82cda37260, 0x00007f82cda37370]
Event: 22,181 Thread 0x00007f82dc0c2800 7149       1       org.languagetool.rules.pt.PortugueseUnitConversionRule::getId (3 bytes)
Event: 22,181 Thread 0x00007f82dc0c2800 nmethod 7149 0x00007f82cda36e50 code [0x00007f82cda36fa0, 0x00007f82cda370b0]

GC Heap History (10 events):
Event: 20,550 GC heap after
Heap after GC invocations=53 (full 3):
 PSYoungGen      total 360448K, used 86517K [0x00000000dfb80000, 0x0000000100000000, 0x0000000100000000)
  eden space 273920K, 0% used [0x00000000dfb80000,0x00000000dfb80000,0x00000000f0700000)
  from space 86528K, 99% used [0x00000000fab80000,0x00000000ffffd740,0x0000000100000000)
  to   space 127488K, 0% used [0x00000000f0700000,0x00000000f0700000,0x00000000f8380000)
 ParOldGen       total 747008K, used 552850K [0x000000009f200000, 0x00000000ccb80000, 0x00000000dfb80000)
  object space 747008K, 74% used [0x000000009f200000,0x00000000c0de4bb8,0x00000000ccb80000)
 Metaspace       used 22373K, capacity 22878K, committed 23040K, reserved 1069056K
  class space    used 2447K, capacity 2555K, committed 2560K, reserved 1048576K
}
Event: 21,082 GC heap before
{Heap before GC invocations=54 (full 3):
 PSYoungGen      total 360448K, used 359579K [0x00000000dfb80000, 0x0000000100000000, 0x0000000100000000)
  eden space 273920K, 99% used [0x00000000dfb80000,0x00000000f0629780,0x00000000f0700000)
  from space 86528K, 99% used [0x00000000fab80000,0x00000000ffffd740,0x0000000100000000)
  to   space 127488K, 0% used [0x00000000f0700000,0x00000000f0700000,0x00000000f8380000)
 ParOldGen       total 747008K, used 552850K [0x000000009f200000, 0x00000000ccb80000, 0x00000000dfb80000)
  object space 747008K, 74% used [0x000000009f200000,0x00000000c0de4bb8,0x00000000ccb80000)
 Metaspace       used 22390K, capacity 22910K, committed 23168K, reserved 1069056K
  class space    used 2450K, capacity 2587K, committed 2688K, reserved 1048576K
Event: 21,128 GC heap after
Heap after GC invocations=54 (full 3):
 PSYoungGen      total 349184K, used 75066K [0x00000000dfb80000, 0x0000000100000000, 0x0000000100000000)
  eden space 273920K, 0% used [0x00000000dfb80000,0x00000000dfb80000,0x00000000f0700000)
  from space 75264K, 99% used [0x00000000f0700000,0x00000000f504eb18,0x00000000f5080000)
  to   space 128000K, 0% used [0x00000000f8300000,0x00000000f8300000,0x0000000100000000)
 ParOldGen       total 747008K, used 584586K [0x000000009f200000, 0x00000000ccb80000, 0x00000000dfb80000)
  object space 747008K, 78% used [0x000000009f200000,0x00000000c2ce2980,0x00000000ccb80000)
 Metaspace       used 22390K, capacity 22910K, committed 23168K, reserved 1069056K
  class space    used 2450K, capacity 2587K, committed 2688K, reserved 1048576K
}
Event: 21,590 GC heap before
{Heap before GC invocations=55 (full 3):
 PSYoungGen      total 349184K, used 348986K [0x00000000dfb80000, 0x0000000100000000, 0x0000000100000000)
  eden space 273920K, 100% used [0x00000000dfb80000,0x00000000f0700000,0x00000000f0700000)
  from space 75264K, 99% used [0x00000000f0700000,0x00000000f504eb18,0x00000000f5080000)
  to   space 128000K, 0% used [0x00000000f8300000,0x00000000f8300000,0x0000000100000000)
 ParOldGen       total 747008K, used 584586K [0x000000009f200000, 0x00000000ccb80000, 0x00000000dfb80000)
  object space 747008K, 78% used [0x000000009f200000,0x00000000c2ce2980,0x00000000ccb80000)
 Metaspace       used 22502K, capacity 23038K, committed 23168K, reserved 1069056K
  class space    used 2466K, capacity 2587K, committed 2688K, reserved 1048576K
Event: 21,628 GC heap after
Heap after GC invocations=55 (full 3):
 PSYoungGen      total 380416K, used 104210K [0x00000000dfb80000, 0x0000000100000000, 0x0000000100000000)
  eden space 252416K, 0% used [0x00000000dfb80000,0x00000000dfb80000,0x00000000ef200000)
  from space 128000K, 81% used [0x00000000f8300000,0x00000000fe8c4b70,0x0000000100000000)
  to   space 138240K, 0% used [0x00000000ef200000,0x00000000ef200000,0x00000000f7900000)
 ParOldGen       total 747008K, used 584594K [0x000000009f200000, 0x00000000ccb80000, 0x00000000dfb80000)
  object space 747008K, 78% used [0x000000009f200000,0x00000000c2ce4980,0x00000000ccb80000)
 Metaspace       used 22502K, capacity 23038K, committed 23168K, reserved 1069056K
  class space    used 2466K, capacity 2587K, committed 2688K, reserved 1048576K
}
Event: 21,874 GC heap before
{Heap before GC invocations=56 (full 3):
 PSYoungGen      total 380416K, used 356626K [0x00000000dfb80000, 0x0000000100000000, 0x0000000100000000)
  eden space 252416K, 100% used [0x00000000dfb80000,0x00000000ef200000,0x00000000ef200000)
  from space 128000K, 81% used [0x00000000f8300000,0x00000000fe8c4b70,0x0000000100000000)
  to   space 138240K, 0% used [0x00000000ef200000,0x00000000ef200000,0x00000000f7900000)
 ParOldGen       total 747008K, used 584594K [0x000000009f200000, 0x00000000ccb80000, 0x00000000dfb80000)
  object space 747008K, 78% used [0x000000009f200000,0x00000000c2ce4980,0x00000000ccb80000)
 Metaspace       used 22640K, capacity 23134K, committed 23424K, reserved 1071104K
  class space    used 2483K, capacity 2619K, committed 2688K, reserved 1048576K
Event: 21,982 GC heap after
Heap after GC invocations=56 (full 3):
 PSYoungGen      total 390656K, used 138238K [0x00000000dfb80000, 0x0000000100000000, 0x0000000100000000)
  eden space 252416K, 0% used [0x00000000dfb80000,0x00000000dfb80000,0x00000000ef200000)
  from space 138240K, 99% used [0x00000000ef200000,0x00000000f78ff990,0x00000000f7900000)
  to   space 138240K, 0% used [0x00000000f7900000,0x00000000f7900000,0x0000000100000000)
 ParOldGen       total 747008K, used 624299K [0x000000009f200000, 0x00000000ccb80000, 0x00000000dfb80000)
  object space 747008K, 83% used [0x000000009f200000,0x00000000c53aae20,0x00000000ccb80000)
 Metaspace       used 22640K, capacity 23134K, committed 23424K, reserved 1071104K
  class space    used 2483K, capacity 2619K, committed 2688K, reserved 1048576K
}
Event: 22,186 GC heap before
{Heap before GC invocations=57 (full 3):
 PSYoungGen      total 390656K, used 390654K [0x00000000dfb80000, 0x0000000100000000, 0x0000000100000000)
  eden space 252416K, 100% used [0x00000000dfb80000,0x00000000ef200000,0x00000000ef200000)
  from space 138240K, 99% used [0x00000000ef200000,0x00000000f78ff990,0x00000000f7900000)
  to   space 138240K, 0% used [0x00000000f7900000,0x00000000f7900000,0x0000000100000000)
 ParOldGen       total 747008K, used 624299K [0x000000009f200000, 0x00000000ccb80000, 0x00000000dfb80000)
  object space 747008K, 83% used [0x000000009f200000,0x00000000c53aae20,0x00000000ccb80000)
 Metaspace       used 22667K, capacity 23204K, committed 23424K, reserved 1071104K
  class space    used 2485K, capacity 2620K, committed 2688K, reserved 1048576K
Event: 22,397 GC heap after
Heap after GC invocations=57 (full 3):
 PSYoungGen      total 314880K, used 138210K [0x00000000dfb80000, 0x0000000100000000, 0x0000000100000000)
  eden space 176640K, 0% used [0x00000000dfb80000,0x00000000dfb80000,0x00000000ea800000)
  from space 138240K, 99% used [0x00000000f7900000,0x00000000ffff8a00,0x0000000100000000)
  to   space 176128K, 0% used [0x00000000ea800000,0x00000000ea800000,0x00000000f5400000)
 ParOldGen       total 747008K, used 696211K [0x000000009f200000, 0x00000000ccb80000, 0x00000000dfb80000)
  object space 747008K, 93% used [0x000000009f200000,0x00000000c99e4fb8,0x00000000ccb80000)
 Metaspace       used 22667K, capacity 23204K, committed 23424K, reserved 1071104K
  class space    used 2485K, capacity 2620K, committed 2688K, reserved 1048576K
}
Event: 22,401 GC heap before
{Heap before GC invocations=58 (full 4):
 PSYoungGen      total 314880K, used 138210K [0x00000000dfb80000, 0x0000000100000000, 0x0000000100000000)
  eden space 176640K, 0% used [0x00000000dfb80000,0x00000000dfb80000,0x00000000ea800000)
  from space 138240K, 99% used [0x00000000f7900000,0x00000000ffff8a00,0x0000000100000000)
  to   space 176128K, 0% used [0x00000000ea800000,0x00000000ea800000,0x00000000f5400000)
 ParOldGen       total 747008K, used 696211K [0x000000009f200000, 0x00000000ccb80000, 0x00000000dfb80000)
  object space 747008K, 93% used [0x000000009f200000,0x00000000c99e4fb8,0x00000000ccb80000)
 Metaspace       used 22667K, capacity 23204K, committed 23424K, reserved 1071104K
  class space    used 2485K, capacity 2620K, committed 2688K, reserved 1048576K

Deoptimization events (10 events):
Event: 21,664 Thread 0x00007f82dc010000 Uncommon trap: reason=unstable_if action=reinterpret pc=0x00007f82cd8ad698 method=java.util.regex.Pattern.expr(Ljava/util/regex/Pattern$Node;)Ljava/util/regex/Pattern$Node; @ 93
Event: 21,664 Thread 0x00007f82dc010000 Uncommon trap: reason=null_check action=make_not_entrant pc=0x00007f82cdea99ec method=org.languagetool.rules.patterns.XMLRuleHandler.setMatchElement(Lorg/xml/sax/Attributes;)V @ 142
Event: 21,668 Thread 0x00007f82dc010000 Uncommon trap: reason=unstable_if action=reinterpret pc=0x00007f82cdaff848 method=org.languagetool.rules.patterns.PatternRuleHandler.createRules(Ljava/util/List;Ljava/util/List;I)V @ 121
Event: 21,668 Thread 0x00007f82dc010000 Uncommon trap: reason=unstable_if action=reinterpret pc=0x00007f82cdb08bc8 method=org.languagetool.rules.patterns.PatternRuleHandler.prepareRule(Lorg/languagetool/rules/patterns/AbstractPatternRule;)V @ 215
Event: 21,689 Thread 0x00007f82dc010000 Uncommon trap: reason=unstable_if action=reinterpret pc=0x00007f82cdf79380 method=com.sun.org.apache.xerces.internal.impl.XMLScanner.scanAttributeValue(Lcom/sun/org/apache/xerces/internal/xni/XMLString;Lcom/sun/org/apache/xerces/internal/xni/XMLString;Lja
Event: 21,773 Thread 0x00007f82dc010000 Uncommon trap: reason=bimorphic action=maybe_recompile pc=0x00007f82ce2dafa4 method=java.util.regex.Pattern$GroupCurly.match(Ljava/util/regex/Matcher;ILjava/lang/CharSequence;)Z @ 84
Event: 21,773 Thread 0x00007f82dc010000 Uncommon trap: reason=bimorphic action=maybe_recompile pc=0x00007f82ce2dafa4 method=java.util.regex.Pattern$GroupCurly.match(Ljava/util/regex/Matcher;ILjava/lang/CharSequence;)Z @ 84
Event: 21,773 Thread 0x00007f82dc010000 Uncommon trap: reason=bimorphic action=maybe_recompile pc=0x00007f82ce2dafa4 method=java.util.regex.Pattern$GroupCurly.match(Ljava/util/regex/Matcher;ILjava/lang/CharSequence;)Z @ 84
Event: 21,775 Thread 0x00007f82dc010000 Uncommon trap: reason=bimorphic action=maybe_recompile pc=0x00007f82ce2dafa4 method=java.util.regex.Pattern$GroupCurly.match(Ljava/util/regex/Matcher;ILjava/lang/CharSequence;)Z @ 84
Event: 22,049 Thread 0x00007f82dc010000 Uncommon trap: reason=unstable_if action=reinterpret pc=0x00007f82ce375ef4 method=org.languagetool.rules.patterns.PatternRuleHandler.endElement(Ljava/lang/String;Ljava/lang/String;Ljava/lang/String;)V @ 809

Classes redefined (0 events):
No events

Internal exceptions (10 events):
Event: 17,516 Thread 0x00007f82dc010000 Implicit null exception at 0x00007f82ce08848d to 0x00007f82ce08b971
Event: 18,568 Thread 0x00007f82dc010000 Implicit null exception at 0x00007f82cdf3c127 to 0x00007f82cdf418b9
Event: 19,283 Thread 0x00007f82dc010000 Implicit null exception at 0x00007f82cde14931 to 0x00007f82cde1a12d
Event: 19,941 Thread 0x00007f82dc010000 Implicit null exception at 0x00007f82ce16a923 to 0x00007f82ce16d99d
Event: 20,149 Thread 0x00007f82dc010000 Implicit null exception at 0x00007f82ce25422b to 0x00007f82ce2573f5
Event: 20,247 Thread 0x00007f82dc010000 Implicit null exception at 0x00007f82cd792a07 to 0x00007f82cd79756d
Event: 20,708 Thread 0x00007f82dc010000 Implicit null exception at 0x00007f82ce27871b to 0x00007f82ce27c265
Event: 21,334 Thread 0x00007f82dc010000 Implicit null exception at 0x00007f82cdf9f7f6 to 0x00007f82cdfa33f5
Event: 21,376 Thread 0x00007f82dc010000 Exception <a 'java/io/FileNotFoundException'> (0x00000000e7c18988) thrown at [/build/openjdk-8-lHVHKD/openjdk-8-8u212-b03/src/hotspot/src/share/vm/prims/jni.cpp, line 710]
Event: 21,664 Thread 0x00007f82dc010000 Implicit null exception at 0x00007f82cdea5ce3 to 0x00007f82cdea99a1

Events (10 events):
Event: 22,182 loading class org/languagetool/MessagesBundle_pt_BR done
Event: 22,182 Thread 0x00007f82dc010000 DEOPT PACKING pc=0x00007f82cd73432e sp=0x00007f82e5bc6130
Event: 22,182 Thread 0x00007f82dc010000 DEOPT UNPACKING pc=0x00007f82cd0474c4 sp=0x00007f82e5bc5eb8 mode 0
Event: 22,182 Thread 0x00007f82dc010000 DEOPT PACKING pc=0x00007f82cd7342d2 sp=0x00007f82e5bc6130
Event: 22,182 Thread 0x00007f82dc010000 DEOPT UNPACKING pc=0x00007f82cd0474c4 sp=0x00007f82e5bc5eb8 mode 0
Event: 22,182 Thread 0x00007f82dc010000 DEOPT PACKING pc=0x00007f82cd7342d2 sp=0x00007f82e5bc6130
Event: 22,183 Thread 0x00007f82dc010000 DEOPT UNPACKING pc=0x00007f82cd0474c4 sp=0x00007f82e5bc5eb8 mode 0
Event: 22,183 loading class org/languagetool/rules/pt/BrazilianPortugueseReplaceRule
Event: 22,183 loading class org/languagetool/rules/pt/BrazilianPortugueseReplaceRule done
Event: 22,186 Executing VM operation: ParallelGCFailedAllocation


Dynamic libraries:
00400000-00401000 r-xp 00000000 08:01 137054                             /usr/lib/jvm/java-8-openjdk-amd64/jre/bin/java
00600000-00601000 r--p 00000000 08:01 137054                             /usr/lib/jvm/java-8-openjdk-amd64/jre/bin/java
00601000-00602000 rw-p 00001000 08:01 137054                             /usr/lib/jvm/java-8-openjdk-amd64/jre/bin/java
0153b000-0155c000 rw-p 00000000 00:00 0                                  [heap]
9f200000-ccb80000 rw-p 00000000 00:00 0 
dfb80000-100000000 rw-p 00000000 00:00 0 
100000000-1002a0000 rw-p 00000000 00:00 0 
1002a0000-140000000 ---p 00000000 00:00 0 
7f827c000000-7f827ec52000 rw-p 00000000 00:00 0 
7f827ec52000-7f8280000000 ---p 00000000 00:00 0 
7f8283340000-7f8283380000 rw-p 00000000 00:00 0 
7f8283380000-7f8283540000 ---p 00000000 00:00 0 
7f8283540000-7f8283773000 rw-p 00000000 00:00 0 
7f8283773000-7f82837c1000 r-xp 00000000 08:01 672455                     /tmp/jna2393509396840238678.libhunspell-linux-x86-64.so
7f82837c1000-7f82839c0000 ---p 0004e000 08:01 672455                     /tmp/jna2393509396840238678.libhunspell-linux-x86-64.so
7f82839c0000-7f82839c1000 r--p 0004d000 08:01 672455                     /tmp/jna2393509396840238678.libhunspell-linux-x86-64.so
7f82839c1000-7f82839c5000 rw-p 0004e000 08:01 672455                     /tmp/jna2393509396840238678.libhunspell-linux-x86-64.so
7f82839c5000-7f82839dd000 r-xp 00000000 08:01 672452                     /tmp/jna-3151467/jna6759909227536357332.tmp (deleted)
7f82839dd000-7f8283bdc000 ---p 00018000 08:01 672452                     /tmp/jna-3151467/jna6759909227536357332.tmp (deleted)
7f8283bdc000-7f8283bde000 rw-p 00017000 08:01 672452                     /tmp/jna-3151467/jna6759909227536357332.tmp (deleted)
7f8283bde000-7f8283dde000 rw-p 00000000 00:00 0 
7f8283dde000-7f8283dff000 r-xp 00000000 08:01 132127                     /usr/lib/x86_64-linux-gnu/libgomp.so.1.0.0
7f8283dff000-7f8283ffe000 ---p 00021000 08:01 132127                     /usr/lib/x86_64-linux-gnu/libgomp.so.1.0.0
7f8283ffe000-7f8283fff000 r--p 00020000 08:01 132127                     /usr/lib/x86_64-linux-gnu/libgomp.so.1.0.0
7f8283fff000-7f8284000000 rw-p 00021000 08:01 132127                     /usr/lib/x86_64-linux-gnu/libgomp.so.1.0.0
7f8284000000-7f8284021000 rw-p 00000000 00:00 0 
7f8284021000-7f8288000000 ---p 00000000 00:00 0 
7f82880d8000-7f82883c8000 r-xp 00000000 08:01 672449                     /tmp/libxgboost4j885247687444936829.so
7f82883c8000-7f82885c7000 ---p 002f0000 08:01 672449                     /tmp/libxgboost4j885247687444936829.so
7f82885c7000-7f82885d4000 rw-p 002ef000 08:01 672449                     /tmp/libxgboost4j885247687444936829.so
7f82885d4000-7f82887d5000 rw-p 00000000 00:00 0 
7f82887d5000-7f82887e6000 r-xp 00000000 08:01 137078                     /usr/lib/jvm/java-8-openjdk-amd64/jre/lib/amd64/libnio.so
7f82887e6000-7f82889e5000 ---p 00011000 08:01 137078                     /usr/lib/jvm/java-8-openjdk-amd64/jre/lib/amd64/libnio.so
7f82889e5000-7f82889e6000 r--p 00010000 08:01 137078                     /usr/lib/jvm/java-8-openjdk-amd64/jre/lib/amd64/libnio.so
7f82889e6000-7f82889e7000 rw-p 00011000 08:01 137078                     /usr/lib/jvm/java-8-openjdk-amd64/jre/lib/amd64/libnio.so
7f82889e7000-7f828b9e8000 rw-p 00000000 00:00 0 
7f828b9e8000-7f828b9fe000 r-xp 00000000 08:01 143750                     /usr/lib/jvm/java-8-openjdk-amd64/jre/lib/amd64/libnet.so
7f828b9fe000-7f828bbfe000 ---p 00016000 08:01 143750                     /usr/lib/jvm/java-8-openjdk-amd64/jre/lib/amd64/libnet.so
7f828bbfe000-7f828bbff000 r--p 00016000 08:01 143750                     /usr/lib/jvm/java-8-openjdk-amd64/jre/lib/amd64/libnet.so
7f828bbff000-7f828bc00000 rw-p 00017000 08:01 143750                     /usr/lib/jvm/java-8-openjdk-amd64/jre/lib/amd64/libnet.so
7f828bc00000-7f828be00000 rw-p 00000000 00:00 0 
7f828be00000-7f828c000000 rw-p 00000000 00:00 0 
7f828c000000-7f828c021000 rw-p 00000000 00:00 0 
7f828c021000-7f8290000000 ---p 00000000 00:00 0 
7f8290000000-7f8290097000 rw-p 00000000 00:00 0 
7f8290097000-7f8294000000 ---p 00000000 00:00 0 
7f8294000000-7f8294021000 rw-p 00000000 00:00 0 
7f8294021000-7f8298000000 ---p 00000000 00:00 0 
7f8298000000-7f8298021000 rw-p 00000000 00:00 0 
7f8298021000-7f829c000000 ---p 00000000 00:00 0 
7f829c000000-7f829d7f3000 rw-p 00000000 00:00 0 
7f829d7f3000-7f82a0000000 ---p 00000000 00:00 0 
7f82a0000000-7f82a0c43000 rw-p 00000000 00:00 0 
7f82a0c43000-7f82a4000000 ---p 00000000 00:00 0 
7f82a4000000-7f82a4021000 rw-p 00000000 00:00 0 
7f82a4021000-7f82a8000000 ---p 00000000 00:00 0 
7f82a8000000-7f82aa313000 rw-p 00000000 00:00 0 
7f82aa313000-7f82ac000000 ---p 00000000 00:00 0 
7f82ac000000-7f82ac021000 rw-p 00000000 00:00 0 
7f82ac021000-7f82b0000000 ---p 00000000 00:00 0 
7f82b0000000-7f82b0021000 rw-p 00000000 00:00 0 
7f82b0021000-7f82b4000000 ---p 00000000 00:00 0 
7f82b4000000-7f82b4021000 rw-p 00000000 00:00 0 
7f82b4021000-7f82b8000000 ---p 00000000 00:00 0 
7f82b8000000-7f82b8021000 rw-p 00000000 00:00 0 
7f82b8021000-7f82bc000000 ---p 00000000 00:00 0 
7f82bc000000-7f82bc021000 rw-p 00000000 00:00 0 
7f82bc021000-7f82c0000000 ---p 00000000 00:00 0 
7f82c0000000-7f82c0021000 rw-p 00000000 00:00 0 
7f82c0021000-7f82c4000000 ---p 00000000 00:00 0 
7f82c4000000-7f82c402b000 rw-p 00000000 00:00 0 
7f82c402b000-7f82c8000000 ---p 00000000 00:00 0 
7f82c8089000-7f82c808a000 r--p 00000000 00:00 0 
7f82c808a000-7f82c808e000 r--s 000a1000 08:01 144955                     /usr/lib/jvm/java-8-openjdk-amd64/jre/lib/jsse.jar
7f82c808e000-7f82c8095000 r--s 00000000 08:01 528826                     /usr/lib/x86_64-linux-gnu/gconv/gconv-modules.cache
7f82c8095000-7f82c80bb000 r--p 00000000 08:01 803991                     /usr/share/locale-langpack/de/LC_MESSAGES/libc.mo
7f82c80bb000-7f82c82bb000 rw-p 00000000 00:00 0 
7f82c82bb000-7f82c82ce000 r--s 00346000 08:01 144953                     /usr/lib/jvm/java-8-openjdk-amd64/jre/lib/resources.jar
7f82c82ce000-7f82c84ce000 rw-p 00000000 00:00 0 
7f82c84ce000-7f82c84d1000 ---p 00000000 00:00 0 
7f82c84d1000-7f82c8507000 rw-p 00000000 00:00 0 
7f82c8507000-7f82c850a000 r--s 00012000 08:03 1845794                    /home/fred/.m2/repository/org/apache/maven/surefire/surefire-junit4/2.22.0/surefire-junit4-2.22.0.jar
7f82c850a000-7f82c851a000 r--s 000a8000 08:03 1840711                    /home/fred/.m2/repository/org/apache/commons/commons-collections4/4.1/commons-collections4-4.1.jar
7f82c851a000-7f82c851c000 r--s 00009000 08:03 1971669                    /home/fred/.m2/repository/org/hamcrest/hamcrest-core/1.3/hamcrest-core-1.3.jar
7f82c851c000-7f82c8524000 r--s 00045000 08:03 1316704                    /home/fred/.m2/repository/junit/junit/4.12/junit-4.12.jar
7f82c8524000-7f82c852a000 r--s 00034000 08:03 409392                     /home/fred/workspace/languagetool/languagetool-core/target/languagetool-core-4.7-SNAPSHOT-tests.jar
7f82c852a000-7f82c8535000 r--s 00069000 08:03 1573625                    /home/fred/.m2/repository/ch/qos/logback/logback-core/1.2.3/logback-core-1.2.3.jar
7f82c8535000-7f82c853b000 r--s 00041000 08:03 920931                     /home/fred/.m2/repository/ch/qos/logback/logback-classic/1.2.3/logback-classic-1.2.3.jar
7f82c853b000-7f82c853d000 r--s 00009000 08:03 1971571                    /home/fred/.m2/repository/org/slf4j/slf4j-api/1.7.25/slf4j-api-1.7.25.jar
7f82c853d000-7f82c853f000 r--s 0000e000 08:03 1972186                    /home/fred/.m2/repository/com/beust/jcommander/1.48/jcommander-1.48.jar
7f82c853f000-7f82c8541000 r--s 00008000 08:03 1974817                    /home/fred/.m2/repository/org/carrot2/morfologik-tools/2.1.6/morfologik-tools-2.1.6.jar
7f82c8541000-7f82c8543000 r--s 0000c000 08:03 1447672                    /home/fred/.m2/repository/commons-cli/commons-cli/1.4/commons-cli-1.4.jar
7f82c8543000-7f82c8545000 r--s 00004000 08:03 786500                     /home/fred/workspace/languagetool/languagetool-tools/target/languagetool-tools-4.7-SNAPSHOT.jar
7f82c8545000-7f82c8547000 r--s 00552000 08:03 1181962                    /home/fred/.m2/repository/ua/net/nlp/morfologik-ukrainian-lt/4.6.2/morfologik-ukrainian-lt-4.6.2.jar
7f82c8547000-7f82c854a000 r--s 0006d000 08:03 1182281                    /home/fred/workspace/languagetool/languagetool-language-modules/uk/target/language-uk-4.7-SNAPSHOT.jar
7f82c854a000-7f82c854c000 r--s 00022000 08:03 1181440                    /home/fred/workspace/languagetool/languagetool-language-modules/tl/target/language-tl-4.7-SNAPSHOT.jar
7f82c854c000-7f82c854e000 r--s 0000d000 08:03 1181400                    /home/fred/workspace/languagetool/languagetool-language-modules/ta/target/language-ta-4.7-SNAPSHOT.jar
7f82c854e000-7f82c8550000 r--s 000b1000 08:03 1181381                    /home/fred/workspace/languagetool/languagetool-language-modules/sv/target/language-sv-4.7-SNAPSHOT.jar
7f82c8550000-7f82c8552000 r--s 001cf000 08:03 404809                     /home/fred/workspace/languagetool/languagetool-language-modules/es/target/language-es-4.7-SNAPSHOT.jar
7f82c8552000-7f82c8553000 r--s 00041000 08:03 1181349                    /home/fred/workspace/languagetool/languagetool-language-modules/sl/target/language-sl-4.7-SNAPSHOT.jar
7f82c8553000-7f82c8555000 r--s 00279000 08:03 1181328                    /home/fred/workspace/languagetool/languagetool-language-modules/sk/target/language-sk-4.7-SNAPSHOT.jar
7f82c8555000-7f82c8558000 r--s 0015f000 08:03 1181255                    /home/fred/workspace/languagetool/languagetool-language-modules/ro/target/language-ro-4.7-SNAPSHOT.jar
7f82c8558000-7f82c855a000 r--s 00070000 08:03 524533                     /home/fred/workspace/languagetool/languagetool-language-modules/km/target/language-km-4.7-SNAPSHOT.jar
7f82c855a000-7f82c85bb000 r--s 00a1a000 08:03 1971941                    /home/fred/.m2/repository/com/ibm/icu/icu4j/56.1/icu4j-56.1.jar
7f82c85bb000-7f82c85be000 r--s 007eb000 08:03 1971870                    /home/fred/.m2/repository/com/github/lucene-gosen/lucene-gosen/6.2.1/lucene-gosen-6.2.1-ipadic.jar
7f82c85be000-7f82c85bf000 r--s 0000b000 08:03 399925                     /home/fred/workspace/languagetool/languagetool-language-modules/ja/target/language-ja-4.7-SNAPSHOT.jar
7f82c85bf000-7f82c85c0000 r--s 00003000 08:03 1971661                    /home/fred/.m2/repository/org/ioperm/morphology-el/1.0.0/morphology-el-1.0.0.jar
7f82c85c0000-7f82c85c2000 r--s 00080000 08:03 399885                     /home/fred/workspace/languagetool/languagetool-language-modules/el/target/language-el-4.7-SNAPSHOT.jar
7f82c85c2000-7f82c85c4000 r--s 0042d000 08:03 399849                     /home/fred/workspace/languagetool/languagetool-language-modules/gl/target/language-gl-4.7-SNAPSHOT.jar
7f82c85c4000-7f82c85c6000 r--s 00046000 08:03 399795                     /home/fred/workspace/languagetool/languagetool-language-modules/eo/target/language-eo-4.7-SNAPSHOT.jar
7f82c85c6000-7f82c85c8000 r--s 00108000 08:03 399653                     /home/fred/workspace/languagetool/languagetool-language-modules/da/target/language-da-4.7-SNAPSHOT.jar
7f82c85c8000-7f82c85c9000 r--s 0000c000 08:03 1972120                    /home/fred/.m2/repository/com/google/code/cjftransform/1.0.1/cjftransform-1.0.1.jar
7f82c85c9000-7f82c85cb000 r--s 00018000 08:03 1972170                    /home/fred/.m2/repository/com/googlecode/ictclas4j/ictclas4j/1.0.1/ictclas4j-1.0.1.jar
7f82c85cb000-7f82c85cd000 r--s 0037f000 08:03 1180996                    /home/fred/workspace/languagetool/languagetool-language-modules/zh/target/language-zh-4.7-SNAPSHOT.jar
7f82c85cd000-7f82c85cf000 r--s 0008e000 08:03 400205                     /home/fred/workspace/languagetool/languagetool-language-modules/be/target/language-be-4.7-SNAPSHOT.jar
7f82c85cf000-7f82c85d1000 r--s 00068000 08:03 400186                     /home/fred/workspace/languagetool/languagetool-language-modules/ast/target/language-ast-4.7-SNAPSHOT.jar
7f82c85d1000-7f82c85d4000 r--s 0034a000 08:03 1181876                    /home/fred/workspace/languagetool/languagetool-language-modules/ru/target/language-ru-4.7-SNAPSHOT.jar
7f82c85d4000-7f82c85d8000 r--s 00402000 08:03 1181803                    /home/fred/workspace/languagetool/languagetool-language-modules/pt/target/language-pt-4.7-SNAPSHOT.jar
7f82c85d8000-7f82c85da000 r--s 0113a000 08:03 1181683                    /home/fred/workspace/languagetool/languagetool-language-modules/nl/target/language-nl-4.7-SNAPSHOT.jar
7f82c85da000-7f82c85dc000 r--s 0019e000 08:03 399573                     /home/fred/workspace/languagetool/languagetool-language-modules/br/target/language-br-4.7-SNAPSHOT.jar
7f82c85dc000-7f82c85de000 r--s 000a3000 08:03 399509                     /home/fred/workspace/languagetool/languagetool-language-modules/it/target/language-it-4.7-SNAPSHOT.jar
7f82c85de000-7f82c85e0000 r--s 00308000 08:03 1310790                    /home/fred/.m2/repository/org/softcatala/catalan-pos-dict/2.4/catalan-pos-dict-2.4.jar
7f82c85e0000-7f82c85e3000 r--s 000a7000 08:03 399439                     /home/fred/workspace/languagetool/languagetool-language-modules/ca/target/language-ca-4.7-SNAPSHOT.jar
7f82c85e3000-7f82c85e5000 r--s 004ff000 08:03 1181618                    /home/fred/workspace/languagetool/languagetool-language-modules/pl/target/language-pl-4.7-SNAPSHOT.jar
7f82c85e5000-7f82c85e6000 r--s 00003000 08:03 400012                     /home/fred/workspace/languagetool/languagetool-language-modules/de-DE-x-simple-language/target/language-de-DE-x-simple-language-4.7-SNAPSHOT.jar
7f82c85e6000-7f82c85e8000 r--s 00003000 08:03 2233630                    /home/fred/.m2/repository/com/hankcs/aho-corasick-double-array-trie/1.2.0/aho-corasick-double-array-trie-1.2.0.jar
7f82c85e8000-7f82c85ea000 r--s 00088000 08:03 1182003                    /home/fred/.m2/repository/de/danielnaber/jwordsplitter/4.4/jwordsplitter-4.4.jar
7f82c85ea000-7f82c85ed000 r--s 00010000 08:03 1972282                    /home/fred/.m2/repository/edu/washington/cs/knowitall/openregex/1.1.1/openregex-1.1.1.jar
7f82c85ed000-7f82c85ee000 r--s 00115000 08:03 1185954                    /home/fred/.m2/repository/de/danielnaber/german-pos-dict/1.1/german-pos-dict-1.1.jar
7f82c85ee000-7f82c85f3000 r--s 0103d000 08:03 409507                     /home/fred/workspace/languagetool/languagetool-language-modules/de/target/language-de-4.7-SNAPSHOT.jar
7f82c85f3000-7f82c85f4000 r--s 0014d000 08:03 1971702                    /home/fred/.m2/repository/org/languagetool/hunspell-native-libs/2.9/hunspell-native-libs-2.9.jar
7f82c85f4000-7f82c85f6000 r--s 0024d000 08:03 398886                     /home/fred/workspace/languagetool/languagetool-language-modules/fr/target/language-fr-4.7-SNAPSHOT.jar
7f82c85f6000-7f82c85f7000 r--s 0001e000 08:03 398822                     /home/fred/workspace/languagetool/languagetool-language-modules/fa/target/language-fa-4.7-SNAPSHOT.jar
7f82c85f7000-7f82c85f8000 r--s 00271000 08:03 1972276                    /home/fred/.m2/repository/edu/washington/cs/knowitall/opennlp-chunk-models/1.5/opennlp-chunk-models-1.5.jar
7f82c85f8000-7f82c85f9000 r--s 0056f000 08:03 1972269                    /home/fred/.m2/repository/edu/washington/cs/knowitall/opennlp-postag-models/1.5/opennlp-postag-models-1.5.jar
7f82c85f9000-7f82c85fa000 r--s 0006b000 08:03 1972256                    /home/fred/.m2/repository/edu/washington/cs/knowitall/opennlp-tokenize-models/1.5/opennlp-tokenize-models-1.5.jar
7f82c85fa000-7f82c860e000 r--s 000fb000 08:03 1840890                    /home/fred/.m2/repository/org/apache/opennlp/opennlp-tools/1.7.2/opennlp-tools-1.7.2.jar
7f82c860e000-7f82c8612000 r--s 0049f000 08:03 409393                     /home/fred/workspace/languagetool/languagetool-language-modules/en/target/language-en-4.7-SNAPSHOT.jar
7f82c8612000-7f82c8613000 r--s 00000000 08:03 400014                     /home/fred/workspace/languagetool/languagetool-language-modules/all/target/language-all-4.7-SNAPSHOT.jar
7f82c8613000-7f82c8614000 r--s 00001000 08:03 661526                     /home/fred/.m2/repository/io/prometheus/simpleclient_guava/0.6.0/simpleclient_guava-0.6.0.jar
7f82c8614000-7f82c8615000 r--s 00001000 08:03 662647                     /home/fred/.m2/repository/io/prometheus/simpleclient_common/0.6.0/simpleclient_common-0.6.0.jar
7f82c8615000-7f82c8616000 r--s 00002000 08:03 662645                     /home/fred/.m2/repository/io/prometheus/simpleclient_httpserver/0.6.0/simpleclient_httpserver-0.6.0.jar
7f82c8616000-7f82c8618000 r--s 00004000 08:03 662643                     /home/fred/.m2/repository/io/prometheus/simpleclient_hotspot/0.6.0/simpleclient_hotspot-0.6.0.jar
7f82c8618000-7f82c861a000 r--s 0000d000 08:03 662641                     /home/fred/.m2/repository/io/prometheus/simpleclient/0.6.0/simpleclient-0.6.0.jar
7f82c861a000-7f82c8622000 r--s 00083000 08:03 1311642                    /home/fred/.m2/repository/org/mariadb/jdbc/mariadb-java-client/2.2.3/mariadb-java-client-2.2.3.jar
7f82c8622000-7f82c863c000 r--s 00173000 08:03 1311640                    /home/fred/.m2/repository/org/mybatis/mybatis/3.4.6/mybatis-3.4.6.jar
7f82c863c000-7f82c8642000 r--s 0004d000 08:03 1966937                    /home/fred/.m2/repository/commons-codec/commons-codec/1.12/commons-codec-1.12.jar
7f82c8642000-7f82c8644000 r--s 0000b000 08:03 1966935                    /home/fred/.m2/repository/com/auth0/java-jwt/3.8.1/java-jwt-3.8.1.jar
7f82c8644000-7f82c8647000 r--s 00020000 08:03 525265                     /home/fred/workspace/languagetool/languagetool-server/target/languagetool-server-4.7-SNAPSHOT.jar
7f82c8647000-7f82c864b000 r--s 00031000 08:03 1966356                    /home/fred/.m2/repository/commons-io/commons-io/2.6/commons-io-2.6.jar
7f82c864b000-7f82c864d000 r--s 00006000 08:03 410210                     /home/fred/workspace/languagetool/languagetool-commandline/target/languagetool-commandline-4.7-SNAPSHOT.jar
7f82c864d000-7f82c864f000 r--s 00012000 08:03 400292                     /home/fred/workspace/languagetool/languagetool-gui-commons/target/languagetool-gui-commons-4.7-SNAPSHOT.jar
7f82c864f000-7f82c8652000 r--s 0001d000 08:03 1443556                    /home/fred/.m2/repository/org/apache/commons/commons-pool2/2.6.1/commons-pool2-2.6.1.jar
7f82c8652000-7f82c8654000 r--s 00009000 08:03 1443545                    /home/fred/.m2/repository/org/apache/commons/commons-csv/1.6/commons-csv-1.6.jar
7f82c8654000-7f82c8656000 r--s 0000e000 08:03 1181886                    /home/fred/.m2/repository/commons-logging/commons-logging/1.2/commons-logging-1.2.jar
7f82c8656000-7f82c86a3000 r--s 0041c000 08:03 1182562                    /home/fred/.m2/repository/org/scala-lang/scala-reflect/2.11.12/scala-reflect-2.11.12.jar
7f82c86a3000-7f82c86ae000 r--s 0005d000 08:03 1182560                    /home/fred/.m2/repository/org/scala-lang/modules/scala-parser-combinators_2.11/1.0.4/scala-parser-combinators_2.11-1.0.4.jar
7f82c86ae000-7f82c86b8000 r--s 0009a000 08:03 1182558                    /home/fred/.m2/repository/org/scala-lang/modules/scala-xml_2.11/1.0.5/scala-xml_2.11-1.0.5.jar
7f82c86b8000-7f82c86dd000 rw-p 00000000 00:00 0 
7f82c86dd000-7f82c87ea000 r--s 00dd7000 08:03 1182556                    /home/fred/.m2/repository/org/scala-lang/scala-compiler/2.11.12/scala-compiler-2.11.12.jar
7f82c87ea000-7f82c87ec000 r--s 00007000 08:03 1182566                    /home/fred/.m2/repository/org/objenesis/objenesis/1.2/objenesis-1.2.jar
7f82c87ec000-7f82c87ee000 r--s 00000000 08:03 1975673                    /home/fred/.m2/repository/com/esotericsoftware/minlog/minlog/1.2/minlog-1.2.jar
7f82c87ee000-7f82c87f0000 r--s 0000a000 08:03 1845079                    /home/fred/.m2/repository/org/ow2/asm/asm/4.0/asm-4.0.jar
7f82c87f0000-7f82c87f2000 r--s 0000f000 08:03 1975421                    /home/fred/.m2/repository/com/esotericsoftware/reflectasm/reflectasm/1.07/reflectasm-1.07-shaded.jar
7f82c87f2000-7f82c87f8000 r--s 00053000 08:03 1975419                    /home/fred/.m2/repository/com/esotericsoftware/kryo/kryo/2.21/kryo-2.21.jar
7f82c87f8000-7f82c87fc000 r--s 00032000 08:03 1975417                    /home/fred/.m2/repository/com/typesafe/config/1.2.1/config-1.2.1.jar
7f82c87fc000-7f82c8823000 r--s 0025c000 08:03 1975415                    /home/fred/.m2/repository/com/typesafe/akka/akka-actor_2.11/2.3.11/akka-actor_2.11-2.3.11.jar
7f82c8823000-7f82c8829000 r--s 00239000 08:03 655591                     /home/fred/.m2/repository/ml/dmlc/xgboost4j/0.90/xgboost4j-0.90.jar
7f82c8829000-7f82c882a000 r--s 0000d000 08:03 1704581                    /home/fred/.m2/repository/net/jafama/jafama/2.1.0/jafama-2.1.0.jar
7f82c882a000-7f82c882c000 r--s 00006000 08:03 788924                     /home/fred/.m2/repository/biz/k11i/xgboost-predictor/0.3.0/xgboost-predictor-0.3.0.jar
7f82c882c000-7f82c882e000 r--s 0000c000 08:03 2097380                    /home/fred/.m2/repository/javax/activation/javax.activation-api/1.2.0/javax.activation-api-1.2.0.jar
7f82c882e000-7f82c8833000 r--s 00044000 08:03 2097378                    /home/fred/.m2/repository/com/sun/xml/fastinfoset/FastInfoset/1.2.13/FastInfoset-1.2.13.jar
7f82c8833000-7f82c8835000 r--s 00007000 08:03 1314497                    /home/fred/.m2/repository/org/jvnet/staxex/stax-ex/1.7.8/stax-ex-1.7.8.jar
7f82c8835000-7f82c8837000 r--s 00005000 08:03 1966569                    /home/fred/.m2/repository/com/sun/istack/istack-commons-runtime/3.0.5/istack-commons-runtime-3.0.5.jar
7f82c8837000-7f82c883a000 r--s 0000f000 08:03 1314495                    /home/fred/.m2/repository/org/glassfish/jaxb/txw2/2.3.0/txw2-2.3.0.jar
7f82c883a000-7f82c883f000 r--s 00022000 08:03 1314492                    /home/fred/.m2/repository/org/glassfish/jaxb/jaxb-core/2.3.0/jaxb-core-2.3.0.jar
7f82c883f000-7f82c8850000 r--s 000d9000 08:03 1314493                    /home/fred/.m2/repository/org/glassfish/jaxb/jaxb-runtime/2.3.0/jaxb-runtime-2.3.0.jar
7f82c8850000-7f82c8854000 r--s 0001b000 08:03 1972484                    /home/fred/.m2/repository/javax/xml/bind/jaxb-api/2.3.0/jaxb-api-2.3.0.jar
7f82c8854000-7f82c8856000 r--s 00002000 08:03 660013                     /home/fred/.m2/repository/tech/uom/lib/uom-lib-common/1.1/uom-lib-common-1.1.jar
7f82c8856000-7f82c885b000 r--s 00039000 08:03 660011                     /home/fred/.m2/repository/tech/units/indriya/1.2/indriya-1.2.jar
7f82c885b000-7f82c885d000 r--s 00005000 08:03 1974959                    /home/fred/.m2/repository/javax/measure/unit-api/1.0/unit-api-1.0.jar
7f82c885d000-7f82c8861000 r--s 0004c000 08:03 1974824                    /home/fred/.m2/repository/com/fasterxml/jackson/core/jackson-core/2.9.9/jackson-core-2.9.9.jar
7f82c8861000-7f82c8864000 r--s 0000e000 08:03 1966272                    /home/fred/.m2/repository/com/fasterxml/jackson/core/jackson-annotations/2.9.0/jackson-annotations-2.9.0.jar
7f82c8864000-7f82c8877000 r--s 00137000 08:03 1974822                    /home/fred/.m2/repository/com/fasterxml/jackson/core/jackson-databind/2.9.9/jackson-databind-2.9.9.jar
7f82c8877000-7f82c887c000 r--s 00039000 08:03 1972246                    /home/fred/.m2/repository/edu/berkeley/nlp/berkeleylm/1.1.2/berkeleylm-1.1.2.jar
7f82c887c000-7f82c8884000 r--s 00062000 08:03 1840794                    /home/fred/.m2/repository/org/apache/lucene/lucene-backward-codecs/5.5.4/lucene-backward-codecs-5.5.4.jar
7f82c8884000-7f82c88ac000 r--s 0021c000 08:03 1840743                    /home/fred/.m2/repository/org/apache/lucene/lucene-core/5.5.4/lucene-core-5.5.4.jar
7f82c88ac000-7f82c88ad000 r--s 00004000 08:03 1972009                    /home/fred/.m2/repository/com/intellij/annotations/12.0/annotations-12.0.jar
7f82c88ad000-7f82c88b1000 r--s 00024000 08:03 1971812                    /home/fred/.m2/repository/net/arnx/jsonic/1.2.11/jsonic-1.2.11.jar
7f82c88b1000-7f82c88b5000 r--s 001c7000 08:03 1971933                    /home/fred/.m2/repository/com/optimaize/languagedetector/language-detector/0.6/language-detector-0.6.jar
7f82c88b5000-7f82c88b8000 r--s 00011000 08:03 1835181                    /home/fred/.m2/repository/net/loomchild/segment/2.0.1/segment-2.0.1.jar
7f82c88b8000-7f82c88d9000 r--s 00177000 08:03 1971885                    /home/fred/.m2/repository/com/carrotsearch/hppc/0.7.2/hppc-0.7.2.jar
7f82c88d9000-7f82c88db000 r--s 0000c000 08:03 1974801                    /home/fred/.m2/repository/org/carrot2/morfologik-stemming/2.1.6/morfologik-stemming-2.1.6.jar
7f82c88db000-7f82c88dc000 r--s 00003000 08:03 1974799                    /home/fred/.m2/repository/org/carrot2/morfologik-speller/2.1.6/morfologik-speller-2.1.6.jar
7f82c88dc000-7f82c88e0000 r--s 00107000 08:03 1710288                    /home/fred/.m2/repository/net/java/dev/jna/jna/4.4.0/jna-4.4.0.jar
7f82c88e0000-7f82c890f000 r--s 00239000 08:03 1972048                    /home/fred/.m2/repository/com/google/guava/guava/21.0/guava-21.0.jar
7f82c890f000-7f82c891a000 r--s 000b8000 08:03 409238                     /home/fred/workspace/languagetool/languagetool-core/target/languagetool-core-4.7-SNAPSHOT.jar
7f82c891a000-7f82c891d000 ---p 00000000 00:00 0 
7f82c891d000-7f82c8a1b000 rw-p 00000000 00:00 0 
7f82c8a1b000-7f82c8a24000 r-xp 00000000 08:01 139856                     /usr/lib/jvm/java-8-openjdk-amd64/jre/lib/amd64/libmanagement.so
7f82c8a24000-7f82c8c23000 ---p 00009000 08:01 139856                     /usr/lib/jvm/java-8-openjdk-amd64/jre/lib/amd64/libmanagement.so
7f82c8c23000-7f82c8c24000 r--p 00008000 08:01 139856                     /usr/lib/jvm/java-8-openjdk-amd64/jre/lib/amd64/libmanagement.so
7f82c8c24000-7f82c8c25000 rw-p 00009000 08:01 139856                     /usr/lib/jvm/java-8-openjdk-amd64/jre/lib/amd64/libmanagement.so
7f82c8c25000-7f82c8c28000 ---p 00000000 00:00 0 
7f82c8c28000-7f82c8d26000 rw-p 00000000 00:00 0 
7f82c8d26000-7f82c8d27000 ---p 00000000 00:00 0 
7f82c8d27000-7f82c8e27000 rw-p 00000000 00:00 0 
7f82c8e27000-7f82c8e2a000 ---p 00000000 00:00 0 
7f82c8e2a000-7f82c8f28000 rw-p 00000000 00:00 0 
7f82c8f28000-7f82c8f2b000 ---p 00000000 00:00 0 
7f82c8f2b000-7f82c9029000 rw-p 00000000 00:00 0 
7f82c9029000-7f82c902c000 ---p 00000000 00:00 0 
7f82c902c000-7f82c912a000 rw-p 00000000 00:00 0 
7f82c912a000-7f82c912d000 ---p 00000000 00:00 0 
7f82c912d000-7f82c922b000 rw-p 00000000 00:00 0 
7f82c922b000-7f82c922e000 ---p 00000000 00:00 0 
7f82c922e000-7f82c932c000 rw-p 00000000 00:00 0 
7f82c932c000-7f82c9788000 r--p 00000000 08:01 132740                     /usr/lib/locale/locale-archive
7f82c9788000-7f82c978b000 ---p 00000000 00:00 0 
7f82c978b000-7f82c9889000 rw-p 00000000 00:00 0 
7f82c9889000-7f82c988c000 ---p 00000000 00:00 0 
7f82c988c000-7f82c998a000 rw-p 00000000 00:00 0 
7f82c998a000-7f82c998b000 ---p 00000000 00:00 0 
7f82c998b000-7f82cd000000 rw-p 00000000 00:00 0 
7f82cd000000-7f82ce3a0000 rwxp 00000000 00:00 0 
7f82ce3a0000-7f82dc000000 ---p 00000000 00:00 0 
7f82dc000000-7f82e0000000 rw-p 00000000 00:00 0 
7f82e0000000-7f82e0001000 r--s 00007000 08:03 1974797                    /home/fred/.m2/repository/org/carrot2/morfologik-fsa-builders/2.1.6/morfologik-fsa-builders-2.1.6.jar
7f82e0001000-7f82e000a000 r--s 00073000 08:03 1844905                    /home/fred/.m2/repository/org/apache/commons/commons-lang3/3.9/commons-lang3-3.9.jar
7f82e000a000-7f82e0025000 r--s 001d6000 08:01 162959                     /usr/lib/jvm/java-8-openjdk-amd64/jre/lib/ext/nashorn.jar
7f82e0025000-7f82e0040000 r--s 00394000 08:01 162958                     /usr/lib/jvm/java-8-openjdk-amd64/jre/lib/ext/cldrdata.jar
7f82e0040000-7f82e0b1c000 rw-p 00000000 00:00 0 
7f82e0b1c000-7f82e0ceb000 r--s 03c3b000 08:01 144951                     /usr/lib/jvm/java-8-openjdk-amd64/jre/lib/rt.jar
7f82e0ceb000-7f82e1868000 rw-p 00000000 00:00 0 
7f82e1868000-7f82e1869000 ---p 00000000 00:00 0 
7f82e1869000-7f82e1969000 rw-p 00000000 00:00 0 
7f82e1969000-7f82e196a000 ---p 00000000 00:00 0 
7f82e196a000-7f82e1a6a000 rw-p 00000000 00:00 0 
7f82e1a6a000-7f82e1a6b000 ---p 00000000 00:00 0 
7f82e1a6b000-7f82e1b6b000 rw-p 00000000 00:00 0 
7f82e1b6b000-7f82e1b6c000 ---p 00000000 00:00 0 
7f82e1b6c000-7f82e1dd9000 rw-p 00000000 00:00 0 
7f82e1dd9000-7f82e1e71000 ---p 00000000 00:00 0 
7f82e1e71000-7f82e1fde000 rw-p 00000000 00:00 0 
7f82e1fde000-7f82e2075000 ---p 00000000 00:00 0 
7f82e2075000-7f82e2178000 rw-p 00000000 00:00 0 
7f82e2178000-7f82e21c8000 rw-p 00000000 00:00 0 
7f82e21c8000-7f82e2539000 ---p 00000000 00:00 0 
7f82e2539000-7f82e2541000 r-xp 00000000 08:01 144950                     /usr/lib/jvm/java-8-openjdk-amd64/jre/lib/amd64/libzip.so
7f82e2541000-7f82e2740000 ---p 00008000 08:01 144950                     /usr/lib/jvm/java-8-openjdk-amd64/jre/lib/amd64/libzip.so
7f82e2740000-7f82e2741000 r--p 00007000 08:01 144950                     /usr/lib/jvm/java-8-openjdk-amd64/jre/lib/amd64/libzip.so
7f82e2741000-7f82e2742000 rw-p 00008000 08:01 144950                     /usr/lib/jvm/java-8-openjdk-amd64/jre/lib/amd64/libzip.so
7f82e2742000-7f82e274d000 r-xp 00000000 08:01 528946                     /lib/x86_64-linux-gnu/libnss_files-2.23.so
7f82e274d000-7f82e294c000 ---p 0000b000 08:01 528946                     /lib/x86_64-linux-gnu/libnss_files-2.23.so
7f82e294c000-7f82e294d000 r--p 0000a000 08:01 528946                     /lib/x86_64-linux-gnu/libnss_files-2.23.so
7f82e294d000-7f82e294e000 rw-p 0000b000 08:01 528946                     /lib/x86_64-linux-gnu/libnss_files-2.23.so
7f82e294e000-7f82e2954000 rw-p 00000000 00:00 0 
7f82e2954000-7f82e295f000 r-xp 00000000 08:01 528939                     /lib/x86_64-linux-gnu/libnss_nis-2.23.so
7f82e295f000-7f82e2b5e000 ---p 0000b000 08:01 528939                     /lib/x86_64-linux-gnu/libnss_nis-2.23.so
7f82e2b5e000-7f82e2b5f000 r--p 0000a000 08:01 528939                     /lib/x86_64-linux-gnu/libnss_nis-2.23.so
7f82e2b5f000-7f82e2b60000 rw-p 0000b000 08:01 528939                     /lib/x86_64-linux-gnu/libnss_nis-2.23.so
7f82e2b60000-7f82e2b76000 r-xp 00000000 08:01 528944                     /lib/x86_64-linux-gnu/libnsl-2.23.so
7f82e2b76000-7f82e2d75000 ---p 00016000 08:01 528944                     /lib/x86_64-linux-gnu/libnsl-2.23.so
7f82e2d75000-7f82e2d76000 r--p 00015000 08:01 528944                     /lib/x86_64-linux-gnu/libnsl-2.23.so
7f82e2d76000-7f82e2d77000 rw-p 00016000 08:01 528944                     /lib/x86_64-linux-gnu/libnsl-2.23.so
7f82e2d77000-7f82e2d79000 rw-p 00000000 00:00 0 
7f82e2d79000-7f82e2d81000 r-xp 00000000 08:01 528950                     /lib/x86_64-linux-gnu/libnss_compat-2.23.so
7f82e2d81000-7f82e2f80000 ---p 00008000 08:01 528950                     /lib/x86_64-linux-gnu/libnss_compat-2.23.so
7f82e2f80000-7f82e2f81000 r--p 00007000 08:01 528950                     /lib/x86_64-linux-gnu/libnss_compat-2.23.so
7f82e2f81000-7f82e2f82000 rw-p 00008000 08:01 528950                     /lib/x86_64-linux-gnu/libnss_compat-2.23.so
7f82e2f82000-7f82e2fae000 r-xp 00000000 08:01 141080                     /usr/lib/jvm/java-8-openjdk-amd64/jre/lib/amd64/libjava.so
7f82e2fae000-7f82e31ad000 ---p 0002c000 08:01 141080                     /usr/lib/jvm/java-8-openjdk-amd64/jre/lib/amd64/libjava.so
7f82e31ad000-7f82e31ae000 r--p 0002b000 08:01 141080                     /usr/lib/jvm/java-8-openjdk-amd64/jre/lib/amd64/libjava.so
7f82e31ae000-7f82e31b0000 rw-p 0002c000 08:01 141080                     /usr/lib/jvm/java-8-openjdk-amd64/jre/lib/amd64/libjava.so
7f82e31b0000-7f82e31bf000 r-xp 00000000 08:01 139853                     /usr/lib/jvm/java-8-openjdk-amd64/jre/lib/amd64/libverify.so
7f82e31bf000-7f82e33be000 ---p 0000f000 08:01 139853                     /usr/lib/jvm/java-8-openjdk-amd64/jre/lib/amd64/libverify.so
7f82e33be000-7f82e33c0000 r--p 0000e000 08:01 139853                     /usr/lib/jvm/java-8-openjdk-amd64/jre/lib/amd64/libverify.so
7f82e33c0000-7f82e33c1000 rw-p 00010000 08:01 139853                     /usr/lib/jvm/java-8-openjdk-amd64/jre/lib/amd64/libverify.so
7f82e33c1000-7f82e33c8000 r-xp 00000000 08:01 528932                     /lib/x86_64-linux-gnu/librt-2.23.so
7f82e33c8000-7f82e35c7000 ---p 00007000 08:01 528932                     /lib/x86_64-linux-gnu/librt-2.23.so
7f82e35c7000-7f82e35c8000 r--p 00006000 08:01 528932                     /lib/x86_64-linux-gnu/librt-2.23.so
7f82e35c8000-7f82e35c9000 rw-p 00007000 08:01 528932                     /lib/x86_64-linux-gnu/librt-2.23.so
7f82e35c9000-7f82e35df000 r-xp 00000000 08:01 529702                     /lib/x86_64-linux-gnu/libgcc_s.so.1
7f82e35df000-7f82e37de000 ---p 00016000 08:01 529702                     /lib/x86_64-linux-gnu/libgcc_s.so.1
7f82e37de000-7f82e37df000 rw-p 00015000 08:01 529702                     /lib/x86_64-linux-gnu/libgcc_s.so.1
7f82e37df000-7f82e38e7000 r-xp 00000000 08:01 528952                     /lib/x86_64-linux-gnu/libm-2.23.so
7f82e38e7000-7f82e3ae6000 ---p 00108000 08:01 528952                     /lib/x86_64-linux-gnu/libm-2.23.so
7f82e3ae6000-7f82e3ae7000 r--p 00107000 08:01 528952                     /lib/x86_64-linux-gnu/libm-2.23.so
7f82e3ae7000-7f82e3ae8000 rw-p 00108000 08:01 528952                     /lib/x86_64-linux-gnu/libm-2.23.so
7f82e3ae8000-7f82e3c5a000 r-xp 00000000 08:01 131524                     /usr/lib/x86_64-linux-gnu/libstdc++.so.6.0.21
7f82e3c5a000-7f82e3e5a000 ---p 00172000 08:01 131524                     /usr/lib/x86_64-linux-gnu/libstdc++.so.6.0.21
7f82e3e5a000-7f82e3e64000 r--p 00172000 08:01 131524                     /usr/lib/x86_64-linux-gnu/libstdc++.so.6.0.21
7f82e3e64000-7f82e3e66000 rw-p 0017c000 08:01 131524                     /usr/lib/x86_64-linux-gnu/libstdc++.so.6.0.21
7f82e3e66000-7f82e3e6a000 rw-p 00000000 00:00 0 
7f82e3e6a000-7f82e4ace000 r-xp 00000000 08:01 140385                     /usr/lib/jvm/java-8-openjdk-amd64/jre/lib/amd64/server/libjvm.so
7f82e4ace000-7f82e4ccd000 ---p 00c64000 08:01 140385                     /usr/lib/jvm/java-8-openjdk-amd64/jre/lib/amd64/server/libjvm.so
7f82e4ccd000-7f82e4d61000 r--p 00c63000 08:01 140385                     /usr/lib/jvm/java-8-openjdk-amd64/jre/lib/amd64/server/libjvm.so
7f82e4d61000-7f82e4d8a000 rw-p 00cf7000 08:01 140385                     /usr/lib/jvm/java-8-openjdk-amd64/jre/lib/amd64/server/libjvm.so
7f82e4d8a000-7f82e4dba000 rw-p 00000000 00:00 0 
7f82e4dba000-7f82e4dd2000 r-xp 00000000 08:01 528936                     /lib/x86_64-linux-gnu/libpthread-2.23.so
7f82e4dd2000-7f82e4fd1000 ---p 00018000 08:01 528936                     /lib/x86_64-linux-gnu/libpthread-2.23.so
7f82e4fd1000-7f82e4fd2000 r--p 00017000 08:01 528936                     /lib/x86_64-linux-gnu/libpthread-2.23.so
7f82e4fd2000-7f82e4fd3000 rw-p 00018000 08:01 528936                     /lib/x86_64-linux-gnu/libpthread-2.23.so
7f82e4fd3000-7f82e4fd7000 rw-p 00000000 00:00 0 
7f82e4fd7000-7f82e4fda000 r-xp 00000000 08:01 528934                     /lib/x86_64-linux-gnu/libdl-2.23.so
7f82e4fda000-7f82e51d9000 ---p 00003000 08:01 528934                     /lib/x86_64-linux-gnu/libdl-2.23.so
7f82e51d9000-7f82e51da000 r--p 00002000 08:01 528934                     /lib/x86_64-linux-gnu/libdl-2.23.so
7f82e51da000-7f82e51db000 rw-p 00003000 08:01 528934                     /lib/x86_64-linux-gnu/libdl-2.23.so
7f82e51db000-7f82e51f4000 r-xp 00000000 08:01 529281                     /lib/x86_64-linux-gnu/libz.so.1.2.8
7f82e51f4000-7f82e53f3000 ---p 00019000 08:01 529281                     /lib/x86_64-linux-gnu/libz.so.1.2.8
7f82e53f3000-7f82e53f4000 r--p 00018000 08:01 529281                     /lib/x86_64-linux-gnu/libz.so.1.2.8
7f82e53f4000-7f82e53f5000 rw-p 00019000 08:01 529281                     /lib/x86_64-linux-gnu/libz.so.1.2.8
7f82e53f5000-7f82e55b5000 r-xp 00000000 08:01 528949                     /lib/x86_64-linux-gnu/libc-2.23.so
7f82e55b5000-7f82e57b5000 ---p 001c0000 08:01 528949                     /lib/x86_64-linux-gnu/libc-2.23.so
7f82e57b5000-7f82e57b9000 r--p 001c0000 08:01 528949                     /lib/x86_64-linux-gnu/libc-2.23.so
7f82e57b9000-7f82e57bb000 rw-p 001c4000 08:01 528949                     /lib/x86_64-linux-gnu/libc-2.23.so
7f82e57bb000-7f82e57bf000 rw-p 00000000 00:00 0 
7f82e57bf000-7f82e57cc000 r-xp 00000000 08:01 144423                     /usr/lib/jvm/java-8-openjdk-amd64/jre/lib/amd64/jli/libjli.so
7f82e57cc000-7f82e59cb000 ---p 0000d000 08:01 144423                     /usr/lib/jvm/java-8-openjdk-amd64/jre/lib/amd64/jli/libjli.so
7f82e59cb000-7f82e59cc000 r--p 0000c000 08:01 144423                     /usr/lib/jvm/java-8-openjdk-amd64/jre/lib/amd64/jli/libjli.so
7f82e59cc000-7f82e59cd000 rw-p 0000d000 08:01 144423                     /usr/lib/jvm/java-8-openjdk-amd64/jre/lib/amd64/jli/libjli.so
7f82e59cd000-7f82e59f3000 r-xp 00000000 08:01 528935                     /lib/x86_64-linux-gnu/ld-2.23.so
7f82e59f3000-7f82e59f4000 r--s 00004000 08:03 1845849                    /home/fred/.m2/repository/org/carrot2/morfologik-fsa/2.1.6/morfologik-fsa-2.1.6.jar
7f82e59f4000-7f82e59f9000 r--s 0002e000 08:03 1451173                    /home/fred/.m2/repository/org/apache/commons/commons-text/1.7/commons-text-1.7.jar
7f82e59f9000-7f82e59fe000 r--s 00029000 08:03 2100299                    /home/fred/.m2/repository/org/apache/maven/surefire/surefire-api/2.22.0/surefire-api-2.22.0.jar
7f82e59fe000-7f82e5a02000 r--s 0003f000 08:03 2100305                    /home/fred/.m2/repository/org/apache/maven/surefire/surefire-booter/2.22.0/surefire-booter-2.22.0.jar
7f82e5a02000-7f82e5a05000 r--s 00039000 08:01 162966                     /usr/lib/jvm/java-8-openjdk-amd64/jre/lib/ext/sunpkcs11.jar
7f82e5a05000-7f82e5ac8000 rw-p 00000000 00:00 0 
7f82e5ac8000-7f82e5acb000 ---p 00000000 00:00 0 
7f82e5acb000-7f82e5bcd000 rw-p 00000000 00:00 0 
7f82e5bcd000-7f82e5bcf000 r--s 00002000 08:03 2100303                    /home/fred/.m2/repository/org/apache/maven/surefire/surefire-logger-api/2.22.0/surefire-logger-api-2.22.0.jar
7f82e5bcf000-7f82e5bd4000 r--s 0003c000 08:01 162962                     /usr/lib/jvm/java-8-openjdk-amd64/jre/lib/ext/sunjce_provider.jar
7f82e5bd4000-7f82e5bd6000 r--s 00008000 08:01 162961                     /usr/lib/jvm/java-8-openjdk-amd64/jre/lib/ext/sunec.jar
7f82e5bd6000-7f82e5bd8000 r--s 00001000 08:01 162964                     /usr/lib/jvm/java-8-openjdk-amd64/jre/lib/ext/dnsns.jar
7f82e5bd8000-7f82e5bd9000 r--s 0000a000 08:01 162963                     /usr/lib/jvm/java-8-openjdk-amd64/jre/lib/ext/jaccess.jar
7f82e5bd9000-7f82e5be3000 r--s 00116000 08:01 162965                     /usr/lib/jvm/java-8-openjdk-amd64/jre/lib/ext/localedata.jar
7f82e5be3000-7f82e5be6000 r--s 0000f000 08:01 162957                     /usr/lib/jvm/java-8-openjdk-amd64/jre/lib/ext/icedtea-sound.jar
7f82e5be6000-7f82e5be7000 r--s 00010000 08:01 162960                     /usr/lib/jvm/java-8-openjdk-amd64/jre/lib/ext/zipfs.jar
7f82e5be7000-7f82e5bef000 rw-s 00000000 08:01 672443                     /tmp/hsperfdata_fred/12234
7f82e5bef000-7f82e5bf0000 rw-p 00000000 00:00 0 
7f82e5bf0000-7f82e5bf1000 ---p 00000000 00:00 0 
7f82e5bf1000-7f82e5bf2000 rw-p 00000000 00:00 0 
7f82e5bf2000-7f82e5bf3000 r--p 00025000 08:01 528935                     /lib/x86_64-linux-gnu/ld-2.23.so
7f82e5bf3000-7f82e5bf4000 rw-p 00026000 08:01 528935                     /lib/x86_64-linux-gnu/ld-2.23.so
7f82e5bf4000-7f82e5bf5000 rw-p 00000000 00:00 0 
7ffd9c897000-7ffd9c8bb000 rw-p 00000000 00:00 0                          [stack]
7ffd9c9a4000-7ffd9c9a7000 r--p 00000000 00:00 0                          [vvar]
7ffd9c9a7000-7ffd9c9a9000 r-xp 00000000 00:00 0                          [vdso]
ffffffffff600000-ffffffffff601000 r-xp 00000000 00:00 0                  [vsyscall]

VM Arguments:
jvm_args: -Xms256m -Xmx1550m 
java_command: org.apache.maven.surefire.booter.ForkedBooter /home/fred/workspace/languagetool/languagetool-standalone/target/surefire 2019-08-13T13-59-03_146-jvmRun1 surefire4087160275311267092tmp surefire_375354195420998352104tmp
java_class_path (initial): /home/fred/.m2/repository/org/apache/maven/surefire/surefire-booter/2.22.0/surefire-booter-2.22.0.jar:/home/fred/.m2/repository/org/apache/maven/surefire/surefire-api/2.22.0/surefire-api-2.22.0.jar:/home/fred/.m2/repository/org/apache/maven/surefire/surefire-logger-api/2.22.0/surefire-logger-api-2.22.0.jar:/home/fred/workspace/languagetool/languagetool-standalone/target/test-classes:/home/fred/workspace/languagetool/languagetool-standalone/target/classes:/home/fred/workspace/languagetool/languagetool-core/target/languagetool-core-4.7-SNAPSHOT.jar:/home/fred/.m2/repository/org/apache/commons/commons-lang3/3.9/commons-lang3-3.9.jar:/home/fred/.m2/repository/org/apache/commons/commons-text/1.7/commons-text-1.7.jar:/home/fred/.m2/repository/com/google/guava/guava/21.0/guava-21.0.jar:/home/fred/.m2/repository/net/java/dev/jna/jna/4.4.0/jna-4.4.0.jar:/home/fred/.m2/repository/org/carrot2/morfologik-fsa/2.1.6/morfologik-fsa-2.1.6.jar:/home/fred/.m2/repository/org/carrot2/morfologik-fsa-builders/2.1.6/morfologik-fsa-builders-2.1.6.jar:/home/fred/.m2/repository/org/carrot2/morfologik-speller/2.1.6/morfologik-speller-2.1.6.jar:/home/fred/.m2/repository/org/carrot2/morfologik-stemming/2.1.6/morfologik-stemming-2.1.6.jar:/home/fred/.m2/repository/com/carrotsearch/hppc/0.7.2/hppc-0.7.2.jar:/home/fred/.m2/repository/net/loomchild/segment/2.0.1/segment-2.0.1.jar:/home/fred/.m2/repository/com/optimaize/languagedetector/language-detector/0.6/language-detector-0.6.jar:/home/fred/.m2/repository/net/arnx/jsonic/1.2.11/jsonic-1.2.11.jar:/home/fred/.m2/repository/com/intellij/annotations/12.0/annotations-12.0.jar:/home/fred/.m2/repository/org/apache/lucene/lucene-core/5.5.4/lucene-core-5.5.4.jar:/home/fred/.m2/repository/org/apache/lucene/lucene-backward-codecs/5.5.4/lucene-backward-codecs-5.5.4.jar:/home/fred/.m2/repository/edu/berkeley/nlp/berkeleylm/1.1.2/berkeleylm-1.1.2.jar:/home/fred/.m2/repository/com/fasterxml/jackson/core/jackson-databind/2.9.9/jacks
Launcher Type: SUN_STANDARD

Environment Variables:
JAVA_HOME=/usr/lib/jvm/java-8-openjdk-amd64
PATH=/home/fred/.local/share/umake/bin:/usr/local/sbin:/usr/local/bin:/usr/sbin:/usr/bin:/sbin:/bin:/usr/games:/usr/local/games
USERNAME=fred
SHELL=/bin/bash
DISPLAY=:0

Signal Handlers:
SIGSEGV: [libjvm.so+0xa765a0], sa_mask[0]=11111111011111111101111111111110, sa_flags=SA_RESTART|SA_SIGINFO
SIGBUS: [libjvm.so+0xa765a0], sa_mask[0]=11111111011111111101111111111110, sa_flags=SA_RESTART|SA_SIGINFO
SIGFPE: [libjvm.so+0x8bd800], sa_mask[0]=11111111011111111101111111111110, sa_flags=SA_RESTART|SA_SIGINFO
SIGPIPE: [libjvm.so+0x8bd800], sa_mask[0]=11111111011111111101111111111110, sa_flags=SA_RESTART|SA_SIGINFO
SIGXFSZ: [libjvm.so+0x8bd800], sa_mask[0]=11111111011111111101111111111110, sa_flags=SA_RESTART|SA_SIGINFO
SIGILL: [libjvm.so+0x8bd800], sa_mask[0]=11111111011111111101111111111110, sa_flags=SA_RESTART|SA_SIGINFO
SIGUSR1: SIG_DFL, sa_mask[0]=00000000000000000000000000000000, sa_flags=none
SIGUSR2: [libjvm.so+0x8bd6b0], sa_mask[0]=00100000000000000000000000000000, sa_flags=SA_RESTART|SA_SIGINFO
SIGHUP: [libjvm.so+0x8bdd40], sa_mask[0]=11111111011111111101111111111110, sa_flags=SA_RESTART|SA_SIGINFO
SIGINT: [libjvm.so+0x8bdd40], sa_mask[0]=11111111011111111101111111111110, sa_flags=SA_RESTART|SA_SIGINFO
SIGTERM: [libjvm.so+0x8bdd40], sa_mask[0]=11111111011111111101111111111110, sa_flags=SA_RESTART|SA_SIGINFO
SIGQUIT: [libjvm.so+0x8bdd40], sa_mask[0]=11111111011111111101111111111110, sa_flags=SA_RESTART|SA_SIGINFO


---------------  S Y S T E M  ---------------

OS:DISTRIB_ID=LinuxMint
DISTRIB_RELEASE=18.3
DISTRIB_CODENAME=sylvia
DISTRIB_DESCRIPTION="Linux Mint 18.3 Sylvia"

uname:Linux 4.4.0-154-generic #181-Ubuntu SMP Tue Jun 25 05:29:03 UTC 2019 x86_64
libc:glibc 2.23 NPTL 2.23 
rlimit: STACK 8192k, CORE 0k, NPROC 23619, NOFILE 1048576, AS infinity
load average:2,82 1,75 0,98

/proc/meminfo:
MemTotal:        6089908 kB
MemFree:          110644 kB
MemAvailable:      28208 kB
Buffers:            1604 kB
Cached:           130492 kB
SwapCached:        41620 kB
Active:          4708140 kB
Inactive:        1055984 kB
Active(anon):    4691284 kB
Inactive(anon):  1031568 kB
Active(file):      16856 kB
Inactive(file):    24416 kB
Unevictable:          16 kB
Mlocked:              16 kB
SwapTotal:       2618364 kB
SwapFree:         172716 kB
Dirty:               280 kB
Writeback:             0 kB
AnonPages:       5595096 kB
Mapped:           121952 kB
Shmem:             90720 kB
Slab:              87388 kB
SReclaimable:      47404 kB
SUnreclaim:        39984 kB
KernelStack:       14960 kB
PageTables:        65908 kB
NFS_Unstable:          0 kB
Bounce:                0 kB
WritebackTmp:          0 kB
CommitLimit:     5663316 kB
Committed_AS:   11993392 kB
VmallocTotal:   34359738367 kB
VmallocUsed:           0 kB
VmallocChunk:          0 kB
HardwareCorrupted:     0 kB
AnonHugePages:         0 kB
CmaTotal:              0 kB
CmaFree:               0 kB
HugePages_Total:       0
HugePages_Free:        0
HugePages_Rsvd:        0
HugePages_Surp:        0
Hugepagesize:       2048 kB
DirectMap4k:      202688 kB
DirectMap2M:     6068224 kB

container (cgroup) information:
container_type: cgroupv1
cpu_cpuset_cpus: 0-3
cpu_memory_nodes: 0
active_processor_count: 4
cpu_quota: -1
cpu_period: 100000
cpu_shares: -1
memory_limit_in_bytes: -1
memory_and_swap_limit_in_bytes: -2
memory_soft_limit_in_bytes: -1
memory_usage_in_bytes: 5884297216
memory_max_usage_in_bytes: 0


CPU:total 4 (initial active 4) (4 cores per cpu, 1 threads per core) family 6 model 94 stepping 3, cmov, cx8, fxsr, mmx, sse, sse2, sse3, ssse3, sse4.1, sse4.2, popcnt, avx, aes, clmul, 3dnowpref, lzcnt, tsc, tscinvbit

/proc/cpuinfo:
processor	: 0
vendor_id	: GenuineIntel
cpu family	: 6
model		: 94
model name	: Intel(R) Core(TM) i7-6700 CPU @ 3.40GHz
stepping	: 3
cpu MHz		: 3407.986
cache size	: 8192 KB
physical id	: 0
siblings	: 4
core id		: 0
cpu cores	: 4
apicid		: 0
initial apicid	: 0
fpu		: yes
fpu_exception	: yes
cpuid level	: 22
wp		: yes
flags		: fpu vme de pse tsc msr pae mce cx8 apic sep mtrr pge mca cmov pat pse36 clflush mmx fxsr sse sse2 ht syscall nx rdtscp lm constant_tsc rep_good nopl xtopology nonstop_tsc tsc_known_freq pni pclmulqdq ssse3 cx16 pcid sse4_1 sse4_2 movbe popcnt aes xsave avx rdrand hypervisor lahf_lm abm 3dnowprefetch invpcid_single kaiser fsgsbase invpcid rdseed clflushopt
bugs		: cpu_meltdown spectre_v1 spectre_v2 spec_store_bypass l1tf mds
bogomips	: 6815.97
clflush size	: 64
cache_alignment	: 64
address sizes	: 39 bits physical, 48 bits virtual
power management:

processor	: 1
vendor_id	: GenuineIntel
cpu family	: 6
model		: 94
model name	: Intel(R) Core(TM) i7-6700 CPU @ 3.40GHz
stepping	: 3
cpu MHz		: 3407.986
cache size	: 8192 KB
physical id	: 0
siblings	: 4
core id		: 1
cpu cores	: 4
apicid		: 1
initial apicid	: 1
fpu		: yes
fpu_exception	: yes
cpuid level	: 22
wp		: yes
flags		: fpu vme de pse tsc msr pae mce cx8 apic sep mtrr pge mca cmov pat pse36 clflush mmx fxsr sse sse2 ht syscall nx rdtscp lm constant_tsc rep_good nopl xtopology nonstop_tsc tsc_known_freq pni pclmulqdq ssse3 cx16 pcid sse4_1 sse4_2 movbe popcnt aes xsave avx rdrand hypervisor lahf_lm abm 3dnowprefetch invpcid_single kaiser fsgsbase invpcid rdseed clflushopt
bugs		: cpu_meltdown spectre_v1 spectre_v2 spec_store_bypass l1tf mds
bogomips	: 6815.97
clflush size	: 64
cache_alignment	: 64
address sizes	: 39 bits physical, 48 bits virtual
power management:

processor	: 2
vendor_id	: GenuineIntel
cpu family	: 6
model		: 94
model name	: Intel(R) Core(TM) i7-6700 CPU @ 3.40GHz
stepping	: 3
cpu MHz		: 3407.986
cache size	: 8192 KB
physical id	: 0
siblings	: 4
core id		: 2
cpu cores	: 4
apicid		: 2
initial apicid	: 2
fpu		: yes
fpu_exception	: yes
cpuid level	: 22
wp		: yes
flags		: fpu vme de pse tsc msr pae mce cx8 apic sep mtrr pge mca cmov pat pse36 clflush mmx fxsr sse sse2 ht syscall nx rdtscp lm constant_tsc rep_good nopl xtopology nonstop_tsc tsc_known_freq pni pclmulqdq ssse3 cx16 pcid sse4_1 sse4_2 movbe popcnt aes xsave avx rdrand hypervisor lahf_lm abm 3dnowprefetch invpcid_single kaiser fsgsbase invpcid rdseed clflushopt
bugs		: cpu_meltdown spectre_v1 spectre_v2 spec_store_bypass l1tf mds
bogomips	: 6815.97
clflush size	: 64
cache_alignment	: 64
address sizes	: 39 bits physical, 48 bits virtual
power management:

processor	: 3
vendor_id	: GenuineIntel
cpu family	: 6
model		: 94
model name	: Intel(R) Core(TM) i7-6700 CPU @ 3.40GHz
stepping	: 3
cpu MHz		: 3407.986
cache size	: 8192 KB
physical id	: 0
siblings	: 4
core id		: 3
cpu cores	: 4
apicid		: 3
initial apicid	: 3
fpu		: yes
fpu_exception	: yes
cpuid level	: 22
wp		: yes
flags		: fpu vme de pse tsc msr pae mce cx8 apic sep mtrr pge mca cmov pat pse36 clflush mmx fxsr sse sse2 ht syscall nx rdtscp lm constant_tsc rep_good nopl xtopology nonstop_tsc tsc_known_freq pni pclmulqdq ssse3 cx16 pcid sse4_1 sse4_2 movbe popcnt aes xsave avx rdrand hypervisor lahf_lm abm 3dnowprefetch invpcid_single kaiser fsgsbase invpcid rdseed clflushopt
bugs		: cpu_meltdown spectre_v1 spectre_v2 spec_store_bypass l1tf mds
bogomips	: 6815.97
clflush size	: 64
cache_alignment	: 64
address sizes	: 39 bits physical, 48 bits virtual
power management:



Memory: 4k page, physical 6089908k(110520k free), swap 2618364k(172716k free)

vm_info: OpenJDK 64-Bit Server VM (25.212-b03) for linux-amd64 JRE (1.8.0_212-8u212-b03-0ubuntu1.16.04.1-b03), built on Apr 26 2019 02:02:50 by "buildd" with gcc 5.4.0 20160609

time: Tue Aug 13 14:07:15 2019
timezone: CEST
elapsed time: 23 seconds (0d 0h 0m 23s)

